2017-07-21 10:27:36,422 [Worker-7] INFO  o.e.m.c.i.p.ProjectConfigurationManager - Collecting project info '/pom.xml' C:\Manasi\workspace\Capstone\graphql\pom.xml
2017-07-21 10:27:47,067 [Worker-7] INFO  o.e.m.c.i.l.LifecycleMappingFactory - Using org.eclipse.m2e.jdt.JarLifecycleMapping lifecycle mapping for MavenProject: capstone:graphql:0.0.1-SNAPSHOT @ C:\Manasi\workspace\Capstone\graphql\pom.xml.
2017-07-21 10:27:48,914 [Worker-7] INFO  o.e.m.j.i.AbstractJavaProjectConfigurator - Adding source folder /graphql/src/main/java
2017-07-21 10:27:48,924 [Worker-7] INFO  o.e.m.j.i.AbstractJavaProjectConfigurator - Adding source folder /graphql/src/test/java
2017-07-21 10:27:49,023 [Worker-7] INFO  o.e.m.c.i.p.ProjectConfigurationManager - Imported and configured 1 project(s) in 12 sec
2017-07-21 10:27:51,651 [Worker-15] INFO  o.e.m.c.i.embedder.EclipseLogger - Using 'UTF-8' encoding to copy filtered resources.
2017-07-21 10:27:51,652 [Worker-15] INFO  o.e.m.c.i.embedder.EclipseLogger - skip non existing resourceDirectory C:\Manasi\workspace\Capstone\graphql\src\main\resources
2017-07-21 10:27:51,655 [Worker-15] INFO  o.e.m.c.i.embedder.EclipseLogger - Using 'UTF-8' encoding to copy filtered resources.
2017-07-21 10:27:51,657 [Worker-15] INFO  o.e.m.c.i.embedder.EclipseLogger - skip non existing resourceDirectory C:\Manasi\workspace\Capstone\graphql\src\test\resources
2017-07-21 10:28:29,897 [Worker-16] INFO  o.e.m.c.i.l.LifecycleMappingFactory - Using org.eclipse.m2e.jdt.JarLifecycleMapping lifecycle mapping for MavenProject: capstone:graphql:0.0.1-SNAPSHOT @ C:\Manasi\workspace\Capstone\graphql\pom.xml.
2017-07-21 10:28:44,040 [Worker-16] INFO  o.e.m.c.i.embedder.EclipseLogger - Using 'UTF-8' encoding to copy filtered resources.
2017-07-21 10:28:44,040 [Worker-16] INFO  o.e.m.c.i.embedder.EclipseLogger - skip non existing resourceDirectory C:\Manasi\workspace\Capstone\graphql\src\main\resources
2017-07-21 10:28:44,042 [Worker-16] INFO  o.e.m.c.i.embedder.EclipseLogger - Using 'UTF-8' encoding to copy filtered resources.
2017-07-21 10:28:44,042 [Worker-16] INFO  o.e.m.c.i.embedder.EclipseLogger - skip non existing resourceDirectory C:\Manasi\workspace\Capstone\graphql\src\test\resources
2017-07-21 10:28:46,264 [Worker-18] INFO  o.e.m.c.i.embedder.EclipseLogger - Using 'UTF-8' encoding to copy filtered resources.
2017-07-21 10:28:46,266 [Worker-18] INFO  o.e.m.c.i.embedder.EclipseLogger - skip non existing resourceDirectory C:\Manasi\workspace\Capstone\graphql\src\main\resources
2017-07-21 10:28:46,277 [Worker-18] INFO  o.e.m.c.i.embedder.EclipseLogger - Using 'UTF-8' encoding to copy filtered resources.
2017-07-21 10:28:46,278 [Worker-18] INFO  o.e.m.c.i.embedder.EclipseLogger - skip non existing resourceDirectory C:\Manasi\workspace\Capstone\graphql\src\test\resources
2017-07-21 10:29:17,206 [Worker-13] INFO  o.e.m.c.i.embedder.EclipseLogger - Using 'UTF-8' encoding to copy filtered resources.
2017-07-21 10:29:17,206 [Worker-13] INFO  o.e.m.c.i.embedder.EclipseLogger - skip non existing resourceDirectory C:\Manasi\workspace\Capstone\graphql\src\main\resources
2017-07-21 10:29:17,213 [Worker-13] INFO  o.e.m.c.i.embedder.EclipseLogger - Using 'UTF-8' encoding to copy filtered resources.
2017-07-21 10:29:17,298 [Worker-13] INFO  o.e.m.c.i.embedder.EclipseLogger - skip non existing resourceDirectory C:\Manasi\workspace\Capstone\graphql\src\test\resources
2017-07-21 10:30:02,738 [Worker-17] INFO  o.e.m.c.i.embedder.EclipseLogger - Using 'UTF-8' encoding to copy filtered resources.
2017-07-21 10:30:02,739 [Worker-17] INFO  o.e.m.c.i.embedder.EclipseLogger - skip non existing resourceDirectory C:\Manasi\workspace\Capstone\graphql\src\main\resources
2017-07-21 10:30:02,748 [Worker-17] INFO  o.e.m.c.i.embedder.EclipseLogger - Using 'UTF-8' encoding to copy filtered resources.
2017-07-21 10:30:02,755 [Worker-17] INFO  o.e.m.c.i.embedder.EclipseLogger - skip non existing resourceDirectory C:\Manasi\workspace\Capstone\graphql\src\test\resources
2017-07-21 10:32:23,552 [Worker-18] INFO  o.e.m.c.i.embedder.EclipseLogger - Using 'UTF-8' encoding to copy filtered resources.
2017-07-21 10:32:23,553 [Worker-18] INFO  o.e.m.c.i.embedder.EclipseLogger - skip non existing resourceDirectory C:\Manasi\workspace\Capstone\graphql\src\main\resources
2017-07-21 10:32:23,561 [Worker-18] INFO  o.e.m.c.i.embedder.EclipseLogger - Using 'UTF-8' encoding to copy filtered resources.
2017-07-21 10:32:23,567 [Worker-18] INFO  o.e.m.c.i.embedder.EclipseLogger - skip non existing resourceDirectory C:\Manasi\workspace\Capstone\graphql\src\test\resources
2017-07-21 10:32:29,916 [Worker-13] INFO  o.e.m.c.i.embedder.EclipseLogger - Using 'UTF-8' encoding to copy filtered resources.
2017-07-21 10:32:29,917 [Worker-13] INFO  o.e.m.c.i.embedder.EclipseLogger - skip non existing resourceDirectory C:\Manasi\workspace\Capstone\graphql\src\main\resources
2017-07-21 10:32:29,922 [Worker-13] INFO  o.e.m.c.i.embedder.EclipseLogger - Using 'UTF-8' encoding to copy filtered resources.
2017-07-21 10:32:29,926 [Worker-13] INFO  o.e.m.c.i.embedder.EclipseLogger - skip non existing resourceDirectory C:\Manasi\workspace\Capstone\graphql\src\test\resources
2017-07-21 10:36:42,444 [Worker-13] INFO  o.e.m.c.i.embedder.EclipseLogger - Using 'UTF-8' encoding to copy filtered resources.
2017-07-21 10:36:42,444 [Worker-13] INFO  o.e.m.c.i.embedder.EclipseLogger - skip non existing resourceDirectory C:\Manasi\workspace\Capstone\graphql\src\main\resources
2017-07-21 10:36:42,451 [Worker-13] INFO  o.e.m.c.i.embedder.EclipseLogger - Using 'UTF-8' encoding to copy filtered resources.
2017-07-21 10:36:42,457 [Worker-13] INFO  o.e.m.c.i.embedder.EclipseLogger - skip non existing resourceDirectory C:\Manasi\workspace\Capstone\graphql\src\test\resources
2017-07-21 10:38:00,032 [Worker-17] INFO  o.e.m.c.i.embedder.EclipseLogger - Using 'UTF-8' encoding to copy filtered resources.
2017-07-21 10:38:00,032 [Worker-17] INFO  o.e.m.c.i.embedder.EclipseLogger - skip non existing resourceDirectory C:\Manasi\workspace\Capstone\graphql\src\main\resources
2017-07-21 10:38:00,039 [Worker-17] INFO  o.e.m.c.i.embedder.EclipseLogger - Using 'UTF-8' encoding to copy filtered resources.
2017-07-21 10:38:00,045 [Worker-17] INFO  o.e.m.c.i.embedder.EclipseLogger - skip non existing resourceDirectory C:\Manasi\workspace\Capstone\graphql\src\test\resources
2017-07-21 10:40:52,786 [Worker-17] INFO  o.e.m.c.i.l.LifecycleMappingFactory - Using org.eclipse.m2e.jdt.JarLifecycleMapping lifecycle mapping for MavenProject: capstone:graphql:0.0.1-SNAPSHOT @ C:\Manasi\workspace\Capstone\graphql\pom.xml.
2017-07-21 10:40:57,586 [Worker-17] INFO  o.e.m.c.i.embedder.EclipseLogger - Using 'UTF-8' encoding to copy filtered resources.
2017-07-21 10:40:57,592 [Worker-17] INFO  o.e.m.c.i.embedder.EclipseLogger - skip non existing resourceDirectory C:\Manasi\workspace\Capstone\graphql\src\main\resources
2017-07-21 10:40:57,600 [Worker-17] INFO  o.e.m.c.i.embedder.EclipseLogger - Using 'UTF-8' encoding to copy filtered resources.
2017-07-21 10:40:57,605 [Worker-17] INFO  o.e.m.c.i.embedder.EclipseLogger - skip non existing resourceDirectory C:\Manasi\workspace\Capstone\graphql\src\test\resources
2017-07-21 10:40:59,484 [Worker-13] INFO  o.e.m.c.i.embedder.EclipseLogger - Using 'UTF-8' encoding to copy filtered resources.
2017-07-21 10:40:59,488 [Worker-13] INFO  o.e.m.c.i.embedder.EclipseLogger - skip non existing resourceDirectory C:\Manasi\workspace\Capstone\graphql\src\main\resources
2017-07-21 10:40:59,492 [Worker-13] INFO  o.e.m.c.i.embedder.EclipseLogger - Using 'UTF-8' encoding to copy filtered resources.
2017-07-21 10:40:59,496 [Worker-13] INFO  o.e.m.c.i.embedder.EclipseLogger - skip non existing resourceDirectory C:\Manasi\workspace\Capstone\graphql\src\test\resources
2017-07-21 10:42:33,119 [Worker-17] INFO  o.e.m.c.i.embedder.EclipseLogger - Using 'UTF-8' encoding to copy filtered resources.
2017-07-21 10:42:33,120 [Worker-17] INFO  o.e.m.c.i.embedder.EclipseLogger - skip non existing resourceDirectory C:\Manasi\workspace\Capstone\graphql\src\main\resources
2017-07-21 10:42:33,129 [Worker-17] INFO  o.e.m.c.i.embedder.EclipseLogger - Using 'UTF-8' encoding to copy filtered resources.
2017-07-21 10:42:33,135 [Worker-17] INFO  o.e.m.c.i.embedder.EclipseLogger - skip non existing resourceDirectory C:\Manasi\workspace\Capstone\graphql\src\test\resources
2017-07-21 10:42:45,430 [Worker-13] INFO  o.e.m.c.i.embedder.EclipseLogger - Using 'UTF-8' encoding to copy filtered resources.
2017-07-21 10:42:45,431 [Worker-13] INFO  o.e.m.c.i.embedder.EclipseLogger - skip non existing resourceDirectory C:\Manasi\workspace\Capstone\graphql\src\main\resources
2017-07-21 10:42:45,436 [Worker-13] INFO  o.e.m.c.i.embedder.EclipseLogger - Using 'UTF-8' encoding to copy filtered resources.
2017-07-21 10:42:45,443 [Worker-13] INFO  o.e.m.c.i.embedder.EclipseLogger - skip non existing resourceDirectory C:\Manasi\workspace\Capstone\graphql\src\test\resources
2017-07-21 10:43:34,564 [Worker-7] INFO  o.e.m.c.i.embedder.EclipseLogger - Using 'UTF-8' encoding to copy filtered resources.
2017-07-21 10:43:34,564 [Worker-7] INFO  o.e.m.c.i.embedder.EclipseLogger - skip non existing resourceDirectory C:\Manasi\workspace\Capstone\graphql\src\main\resources
2017-07-21 10:43:34,571 [Worker-7] INFO  o.e.m.c.i.embedder.EclipseLogger - Using 'UTF-8' encoding to copy filtered resources.
2017-07-21 10:43:34,577 [Worker-7] INFO  o.e.m.c.i.embedder.EclipseLogger - skip non existing resourceDirectory C:\Manasi\workspace\Capstone\graphql\src\test\resources
2017-07-21 10:45:42,995 [Worker-21] INFO  o.e.m.c.i.embedder.EclipseLogger - Using 'UTF-8' encoding to copy filtered resources.
2017-07-21 10:45:42,996 [Worker-21] INFO  o.e.m.c.i.embedder.EclipseLogger - skip non existing resourceDirectory C:\Manasi\workspace\Capstone\graphql\src\main\resources
2017-07-21 10:45:43,004 [Worker-21] INFO  o.e.m.c.i.embedder.EclipseLogger - Using 'UTF-8' encoding to copy filtered resources.
2017-07-21 10:45:43,011 [Worker-21] INFO  o.e.m.c.i.embedder.EclipseLogger - skip non existing resourceDirectory C:\Manasi\workspace\Capstone\graphql\src\test\resources
2017-07-21 10:46:09,978 [Worker-13] INFO  o.e.m.c.i.embedder.EclipseLogger - Using 'UTF-8' encoding to copy filtered resources.
2017-07-21 10:46:09,979 [Worker-13] INFO  o.e.m.c.i.embedder.EclipseLogger - skip non existing resourceDirectory C:\Manasi\workspace\Capstone\graphql\src\main\resources
2017-07-21 10:46:09,985 [Worker-13] INFO  o.e.m.c.i.embedder.EclipseLogger - Using 'UTF-8' encoding to copy filtered resources.
2017-07-21 10:46:09,989 [Worker-13] INFO  o.e.m.c.i.embedder.EclipseLogger - skip non existing resourceDirectory C:\Manasi\workspace\Capstone\graphql\src\test\resources
2017-07-21 10:46:18,592 [Worker-19] INFO  o.e.m.c.i.embedder.EclipseLogger - Using 'UTF-8' encoding to copy filtered resources.
2017-07-21 10:46:18,593 [Worker-19] INFO  o.e.m.c.i.embedder.EclipseLogger - skip non existing resourceDirectory C:\Manasi\workspace\Capstone\graphql\src\main\resources
2017-07-21 10:46:18,599 [Worker-19] INFO  o.e.m.c.i.embedder.EclipseLogger - Using 'UTF-8' encoding to copy filtered resources.
2017-07-21 10:46:18,605 [Worker-19] INFO  o.e.m.c.i.embedder.EclipseLogger - skip non existing resourceDirectory C:\Manasi\workspace\Capstone\graphql\src\test\resources
2017-07-21 10:47:58,303 [Worker-21] INFO  o.e.m.c.i.embedder.EclipseLogger - Using 'UTF-8' encoding to copy filtered resources.
2017-07-21 10:47:58,303 [Worker-21] INFO  o.e.m.c.i.embedder.EclipseLogger - skip non existing resourceDirectory C:\Manasi\workspace\Capstone\graphql\src\main\resources
2017-07-21 10:47:58,309 [Worker-21] INFO  o.e.m.c.i.embedder.EclipseLogger - Using 'UTF-8' encoding to copy filtered resources.
2017-07-21 10:47:58,315 [Worker-21] INFO  o.e.m.c.i.embedder.EclipseLogger - skip non existing resourceDirectory C:\Manasi\workspace\Capstone\graphql\src\test\resources
2017-07-21 10:48:04,674 [Worker-7] INFO  o.e.m.c.i.embedder.EclipseLogger - Using 'UTF-8' encoding to copy filtered resources.
2017-07-21 10:48:04,674 [Worker-7] INFO  o.e.m.c.i.embedder.EclipseLogger - skip non existing resourceDirectory C:\Manasi\workspace\Capstone\graphql\src\main\resources
2017-07-21 10:48:04,680 [Worker-7] INFO  o.e.m.c.i.embedder.EclipseLogger - Using 'UTF-8' encoding to copy filtered resources.
2017-07-21 10:48:04,683 [Worker-7] INFO  o.e.m.c.i.embedder.EclipseLogger - skip non existing resourceDirectory C:\Manasi\workspace\Capstone\graphql\src\test\resources
2017-07-21 10:48:15,560 [Worker-13] INFO  o.e.m.c.i.embedder.EclipseLogger - Using 'UTF-8' encoding to copy filtered resources.
2017-07-21 10:48:15,561 [Worker-13] INFO  o.e.m.c.i.embedder.EclipseLogger - skip non existing resourceDirectory C:\Manasi\workspace\Capstone\graphql\src\main\resources
2017-07-21 10:48:15,574 [Worker-13] INFO  o.e.m.c.i.embedder.EclipseLogger - Using 'UTF-8' encoding to copy filtered resources.
2017-07-21 10:48:15,581 [Worker-13] INFO  o.e.m.c.i.embedder.EclipseLogger - skip non existing resourceDirectory C:\Manasi\workspace\Capstone\graphql\src\test\resources
2017-07-21 10:49:09,404 [Worker-21] INFO  o.e.m.c.i.embedder.EclipseLogger - Using 'UTF-8' encoding to copy filtered resources.
2017-07-21 10:49:09,404 [Worker-21] INFO  o.e.m.c.i.embedder.EclipseLogger - skip non existing resourceDirectory C:\Manasi\workspace\Capstone\graphql\src\main\resources
2017-07-21 10:49:09,408 [Worker-21] INFO  o.e.m.c.i.embedder.EclipseLogger - Using 'UTF-8' encoding to copy filtered resources.
2017-07-21 10:49:09,413 [Worker-21] INFO  o.e.m.c.i.embedder.EclipseLogger - skip non existing resourceDirectory C:\Manasi\workspace\Capstone\graphql\src\test\resources
2017-07-21 10:51:21,161 [Worker-23] INFO  o.e.m.c.i.embedder.EclipseLogger - Using 'UTF-8' encoding to copy filtered resources.
2017-07-21 10:51:21,161 [Worker-23] INFO  o.e.m.c.i.embedder.EclipseLogger - skip non existing resourceDirectory C:\Manasi\workspace\Capstone\graphql\src\main\resources
2017-07-21 10:51:21,166 [Worker-23] INFO  o.e.m.c.i.embedder.EclipseLogger - Using 'UTF-8' encoding to copy filtered resources.
2017-07-21 10:51:21,172 [Worker-23] INFO  o.e.m.c.i.embedder.EclipseLogger - skip non existing resourceDirectory C:\Manasi\workspace\Capstone\graphql\src\test\resources
2017-07-21 10:51:38,922 [Worker-7] INFO  o.e.m.c.i.p.ProjectConfigurationManager - Update started
2017-07-21 10:51:39,621 [Worker-7] INFO  o.e.m.c.i.l.LifecycleMappingFactory - Using org.eclipse.m2e.jdt.JarLifecycleMapping lifecycle mapping for MavenProject: capstone:graphql:0.0.1-SNAPSHOT @ C:\Manasi\workspace\Capstone\graphql\pom.xml.
2017-07-21 10:51:41,175 [Worker-7] INFO  o.e.m.j.i.AbstractJavaProjectConfigurator - Adding source folder /graphql/src/main/java
2017-07-21 10:51:41,181 [Worker-7] INFO  o.e.m.j.i.AbstractJavaProjectConfigurator - Adding source folder /graphql/src/test/java
2017-07-21 10:51:41,424 [Worker-7] INFO  o.e.m.c.i.p.ProjectConfigurationManager - Update completed: 2 sec
2017-07-21 10:51:42,249 [Worker-23] INFO  o.e.m.c.i.embedder.EclipseLogger - Using 'UTF-8' encoding to copy filtered resources.
2017-07-21 10:51:42,249 [Worker-23] INFO  o.e.m.c.i.embedder.EclipseLogger - skip non existing resourceDirectory C:\Manasi\workspace\Capstone\graphql\src\main\resources
2017-07-21 10:51:42,255 [Worker-23] INFO  o.e.m.c.i.embedder.EclipseLogger - Using 'UTF-8' encoding to copy filtered resources.
2017-07-21 10:51:42,261 [Worker-23] INFO  o.e.m.c.i.embedder.EclipseLogger - skip non existing resourceDirectory C:\Manasi\workspace\Capstone\graphql\src\test\resources
2017-07-21 10:55:25,692 [Worker-7] INFO  o.e.m.c.i.embedder.EclipseLogger - Using 'UTF-8' encoding to copy filtered resources.
2017-07-21 10:55:25,692 [Worker-7] INFO  o.e.m.c.i.embedder.EclipseLogger - skip non existing resourceDirectory C:\Manasi\workspace\Capstone\graphql\src\main\resources
2017-07-21 10:55:25,693 [Worker-7] INFO  o.e.m.c.i.embedder.EclipseLogger - Using 'UTF-8' encoding to copy filtered resources.
2017-07-21 10:55:25,693 [Worker-7] INFO  o.e.m.c.i.embedder.EclipseLogger - skip non existing resourceDirectory C:\Manasi\workspace\Capstone\graphql\src\test\resources
2017-07-21 10:55:47,461 [Worker-23] INFO  o.e.m.c.i.embedder.EclipseLogger - Using 'UTF-8' encoding to copy filtered resources.
2017-07-21 10:55:47,461 [Worker-23] INFO  o.e.m.c.i.embedder.EclipseLogger - skip non existing resourceDirectory C:\Manasi\workspace\Capstone\graphql\src\main\resources
2017-07-21 10:55:47,468 [Worker-23] INFO  o.e.m.c.i.embedder.EclipseLogger - Using 'UTF-8' encoding to copy filtered resources.
2017-07-21 10:55:47,468 [Worker-23] INFO  o.e.m.c.i.embedder.EclipseLogger - skip non existing resourceDirectory C:\Manasi\workspace\Capstone\graphql\src\test\resources
2017-07-21 10:56:02,583 [Worker-21] INFO  o.e.m.c.i.embedder.EclipseLogger - Using 'UTF-8' encoding to copy filtered resources.
2017-07-21 10:56:02,583 [Worker-21] INFO  o.e.m.c.i.embedder.EclipseLogger - skip non existing resourceDirectory C:\Manasi\workspace\Capstone\graphql\src\main\resources
2017-07-21 10:56:02,584 [Worker-21] INFO  o.e.m.c.i.embedder.EclipseLogger - Using 'UTF-8' encoding to copy filtered resources.
2017-07-21 10:56:02,584 [Worker-21] INFO  o.e.m.c.i.embedder.EclipseLogger - skip non existing resourceDirectory C:\Manasi\workspace\Capstone\graphql\src\test\resources
2017-07-21 10:57:27,712 [Worker-24] INFO  o.e.m.c.i.embedder.EclipseLogger - Using 'UTF-8' encoding to copy filtered resources.
2017-07-21 10:57:27,715 [Worker-24] INFO  o.e.m.c.i.embedder.EclipseLogger - skip non existing resourceDirectory C:\Manasi\workspace\Capstone\graphql\src\main\resources
2017-07-21 10:57:27,719 [Worker-24] INFO  o.e.m.c.i.embedder.EclipseLogger - Using 'UTF-8' encoding to copy filtered resources.
2017-07-21 10:57:27,720 [Worker-24] INFO  o.e.m.c.i.embedder.EclipseLogger - skip non existing resourceDirectory C:\Manasi\workspace\Capstone\graphql\src\test\resources
2017-07-21 10:57:44,743 [Worker-13] INFO  o.e.m.c.i.embedder.EclipseLogger - Using 'UTF-8' encoding to copy filtered resources.
2017-07-21 10:57:44,743 [Worker-13] INFO  o.e.m.c.i.embedder.EclipseLogger - skip non existing resourceDirectory C:\Manasi\workspace\Capstone\graphql\src\main\resources
2017-07-21 10:57:44,745 [Worker-13] INFO  o.e.m.c.i.embedder.EclipseLogger - Using 'UTF-8' encoding to copy filtered resources.
2017-07-21 10:57:44,745 [Worker-13] INFO  o.e.m.c.i.embedder.EclipseLogger - skip non existing resourceDirectory C:\Manasi\workspace\Capstone\graphql\src\test\resources
2017-07-21 10:57:49,987 [Worker-13] INFO  o.e.m.c.i.embedder.EclipseLogger - Using 'UTF-8' encoding to copy filtered resources.
2017-07-21 10:57:49,987 [Worker-13] INFO  o.e.m.c.i.embedder.EclipseLogger - skip non existing resourceDirectory C:\Manasi\workspace\Capstone\graphql\src\main\resources
2017-07-21 10:57:49,992 [Worker-13] INFO  o.e.m.c.i.embedder.EclipseLogger - Using 'UTF-8' encoding to copy filtered resources.
2017-07-21 10:57:49,992 [Worker-13] INFO  o.e.m.c.i.embedder.EclipseLogger - skip non existing resourceDirectory C:\Manasi\workspace\Capstone\graphql\src\test\resources
2017-07-21 11:11:24,152 [Worker-21] INFO  o.e.m.c.i.embedder.EclipseLogger - Using 'UTF-8' encoding to copy filtered resources.
2017-07-21 11:11:24,153 [Worker-21] INFO  o.e.m.c.i.embedder.EclipseLogger - skip non existing resourceDirectory C:\Manasi\workspace\Capstone\graphql\src\main\resources
2017-07-21 11:11:24,155 [Worker-21] INFO  o.e.m.c.i.embedder.EclipseLogger - Using 'UTF-8' encoding to copy filtered resources.
2017-07-21 11:11:24,156 [Worker-21] INFO  o.e.m.c.i.embedder.EclipseLogger - skip non existing resourceDirectory C:\Manasi\workspace\Capstone\graphql\src\test\resources
2017-07-21 11:11:30,734 [Worker-27] INFO  o.e.m.c.i.embedder.EclipseLogger - Using 'UTF-8' encoding to copy filtered resources.
2017-07-21 11:11:30,734 [Worker-27] INFO  o.e.m.c.i.embedder.EclipseLogger - skip non existing resourceDirectory C:\Manasi\workspace\Capstone\graphql\src\main\resources
2017-07-21 11:11:30,742 [Worker-27] INFO  o.e.m.c.i.embedder.EclipseLogger - Using 'UTF-8' encoding to copy filtered resources.
2017-07-21 11:11:30,742 [Worker-27] INFO  o.e.m.c.i.embedder.EclipseLogger - skip non existing resourceDirectory C:\Manasi\workspace\Capstone\graphql\src\test\resources
2017-07-21 11:12:07,251 [Worker-26] INFO  o.e.m.c.i.embedder.EclipseLogger - Using 'UTF-8' encoding to copy filtered resources.
2017-07-21 11:12:07,251 [Worker-26] INFO  o.e.m.c.i.embedder.EclipseLogger - skip non existing resourceDirectory C:\Manasi\workspace\Capstone\graphql\src\main\resources
2017-07-21 11:12:07,252 [Worker-26] INFO  o.e.m.c.i.embedder.EclipseLogger - Using 'UTF-8' encoding to copy filtered resources.
2017-07-21 11:12:07,253 [Worker-26] INFO  o.e.m.c.i.embedder.EclipseLogger - skip non existing resourceDirectory C:\Manasi\workspace\Capstone\graphql\src\test\resources
2017-07-21 11:12:37,477 [Worker-23] INFO  o.e.m.c.i.embedder.EclipseLogger - Using 'UTF-8' encoding to copy filtered resources.
2017-07-21 11:12:37,477 [Worker-23] INFO  o.e.m.c.i.embedder.EclipseLogger - skip non existing resourceDirectory C:\Manasi\workspace\Capstone\graphql\src\main\resources
2017-07-21 11:12:37,485 [Worker-23] INFO  o.e.m.c.i.embedder.EclipseLogger - Using 'UTF-8' encoding to copy filtered resources.
2017-07-21 11:12:37,485 [Worker-23] INFO  o.e.m.c.i.embedder.EclipseLogger - skip non existing resourceDirectory C:\Manasi\workspace\Capstone\graphql\src\test\resources
2017-07-21 11:13:08,917 [Worker-19] INFO  o.e.m.c.i.embedder.EclipseLogger - Using 'UTF-8' encoding to copy filtered resources.
2017-07-21 11:13:08,917 [Worker-19] INFO  o.e.m.c.i.embedder.EclipseLogger - skip non existing resourceDirectory C:\Manasi\workspace\Capstone\graphql\src\main\resources
2017-07-21 11:13:08,918 [Worker-19] INFO  o.e.m.c.i.embedder.EclipseLogger - Using 'UTF-8' encoding to copy filtered resources.
2017-07-21 11:13:08,919 [Worker-19] INFO  o.e.m.c.i.embedder.EclipseLogger - skip non existing resourceDirectory C:\Manasi\workspace\Capstone\graphql\src\test\resources
2017-07-21 11:14:08,581 [Worker-25] INFO  o.e.m.c.i.embedder.EclipseLogger - Using 'UTF-8' encoding to copy filtered resources.
2017-07-21 11:14:08,581 [Worker-25] INFO  o.e.m.c.i.embedder.EclipseLogger - skip non existing resourceDirectory C:\Manasi\workspace\Capstone\graphql\src\main\resources
2017-07-21 11:14:08,585 [Worker-25] INFO  o.e.m.c.i.embedder.EclipseLogger - Using 'UTF-8' encoding to copy filtered resources.
2017-07-21 11:14:08,585 [Worker-25] INFO  o.e.m.c.i.embedder.EclipseLogger - skip non existing resourceDirectory C:\Manasi\workspace\Capstone\graphql\src\test\resources
2017-07-21 11:28:52,945 [Worker-27] INFO  o.e.m.c.i.embedder.EclipseLogger - Using 'UTF-8' encoding to copy filtered resources.
2017-07-21 11:28:52,945 [Worker-27] INFO  o.e.m.c.i.embedder.EclipseLogger - skip non existing resourceDirectory C:\Manasi\workspace\Capstone\graphql\src\main\resources
2017-07-21 11:28:52,945 [Worker-27] INFO  o.e.m.c.i.embedder.EclipseLogger - Using 'UTF-8' encoding to copy filtered resources.
2017-07-21 11:28:52,945 [Worker-27] INFO  o.e.m.c.i.embedder.EclipseLogger - skip non existing resourceDirectory C:\Manasi\workspace\Capstone\graphql\src\test\resources
2017-07-21 11:51:42,659 [Worker-26] INFO  o.e.m.c.i.embedder.EclipseLogger - Using 'UTF-8' encoding to copy filtered resources.
2017-07-21 11:51:42,659 [Worker-26] INFO  o.e.m.c.i.embedder.EclipseLogger - skip non existing resourceDirectory C:\Manasi\workspace\Capstone\graphql\src\main\resources
2017-07-21 11:51:42,667 [Worker-26] INFO  o.e.m.c.i.embedder.EclipseLogger - Using 'UTF-8' encoding to copy filtered resources.
2017-07-21 11:51:42,667 [Worker-26] INFO  o.e.m.c.i.embedder.EclipseLogger - skip non existing resourceDirectory C:\Manasi\workspace\Capstone\graphql\src\test\resources
